<?xml version="1.0" encoding="UTF-8"?>
<!-- Generated by org.testng.reporters.JUnitReportReporter -->
<testsuite skipped="1" hostname="WishyHappy-PC" name="com.techm.selenium.home.ExcelRead" tests="1" failures="0" timestamp="28 May 2019 03:58:02 GMT" time="1.253" errors="0">
  <testcase name="Excel" time="1.253" classname="com.techm.selenium.home.ExcelRead">
    <skipped/>
  </testcase> <!-- Excel -->
</testsuite> <!-- com.techm.selenium.home.ExcelRead -->
