<?xml version="1.0" encoding="UTF-8"?>
<!-- Generated by org.testng.reporters.JUnitReportReporter -->
<testsuite skipped="0" hostname="WishyHappy-PC" name="com.techm.selenium.home.TC001" tests="1" failures="0" timestamp="02 Jun 2019 08:43:03 GMT" time="27.660" errors="0">
  <testcase name="TC001" time="27.660" classname="com.techm.selenium.home.TC001"/>
</testsuite> <!-- com.techm.selenium.home.TC001 -->
