<?xml version="1.0" encoding="UTF-8"?>
<!-- Generated by org.testng.reporters.JUnitReportReporter -->
<testsuite skipped="0" hostname="WishyHappy-PC" name="com.techm.selenium.home.TC004" tests="1" failures="0" timestamp="02 Jun 2019 11:15:53 GMT" time="0.031" errors="0">
  <testcase name="x" time="0.031" classname="com.techm.selenium.home.TC004"/>
</testsuite> <!-- com.techm.selenium.home.TC004 -->
